2024-08-13 15:04:02,063 [Worker-5: Loading available Gradle versions] INFO  o.e.b.c.i.u.g.PublishedGradleVersions - Gradle version information cache is out-of-date. Trying to update.
2024-08-13 15:09:27,111 [ModalContext] INFO  o.e.m.c.i.e.AbstractTransferListenerAdapter - Downloading https://repo.maven.apache.org/maven2/org/apache/maven/archetypes/maven-archetype-quickstart/1.1/maven-archetype-quickstart-1.1.pom
2024-08-13 15:09:27,123 [ModalContext] INFO  o.e.m.c.i.e.AbstractTransferListenerAdapter - Downloaded https://repo.maven.apache.org/maven2/org/apache/maven/archetypes/maven-archetype-quickstart/1.1/maven-archetype-quickstart-1.1.pom
2024-08-13 15:09:27,172 [ModalContext] INFO  o.e.m.c.i.e.AbstractTransferListenerAdapter - Downloading https://repo.maven.apache.org/maven2/org/apache/maven/archetypes/maven-archetype-bundles/4/maven-archetype-bundles-4.pom
2024-08-13 15:09:27,191 [ModalContext] INFO  o.e.m.c.i.e.AbstractTransferListenerAdapter - Downloaded https://repo.maven.apache.org/maven2/org/apache/maven/archetypes/maven-archetype-bundles/4/maven-archetype-bundles-4.pom
2024-08-13 15:09:27,221 [ModalContext] INFO  o.e.m.c.i.e.AbstractTransferListenerAdapter - Downloading https://repo.maven.apache.org/maven2/org/apache/maven/archetype/maven-archetype/2.0-alpha-5/maven-archetype-2.0-alpha-5.pom
2024-08-13 15:09:27,231 [ModalContext] INFO  o.e.m.c.i.e.AbstractTransferListenerAdapter - Downloaded https://repo.maven.apache.org/maven2/org/apache/maven/archetype/maven-archetype/2.0-alpha-5/maven-archetype-2.0-alpha-5.pom
2024-08-13 15:09:27,290 [ModalContext] INFO  o.e.m.c.i.e.AbstractTransferListenerAdapter - Downloading https://repo.maven.apache.org/maven2/org/apache/maven/archetypes/maven-archetype-quickstart/1.1/maven-archetype-quickstart-1.1.jar
2024-08-13 15:09:27,300 [ModalContext] INFO  o.e.m.c.i.e.AbstractTransferListenerAdapter - Downloaded https://repo.maven.apache.org/maven2/org/apache/maven/archetypes/maven-archetype-quickstart/1.1/maven-archetype-quickstart-1.1.jar
2024-08-13 15:11:48,109 [Worker-16: Launching mavenrun-449fbef1-0a0c-4512-85ce-8aa0d0f46279] INFO  o.eclipse.m2e.core.internal.Bundles - getClasspathEntries(Bundle=org.eclipse.m2e.maven.runtime_3.9.700.20240602-2313 [645])
2024-08-13 15:11:48,111 [Worker-16: Launching mavenrun-449fbef1-0a0c-4512-85ce-8aa0d0f46279] INFO  o.eclipse.m2e.core.internal.Bundles - 	Entry: C:\eclipse\plugins\org.eclipse.m2e.maven.runtime_3.9.700.20240602-2313
2024-08-13 15:11:48,111 [Worker-16: Launching mavenrun-449fbef1-0a0c-4512-85ce-8aa0d0f46279] INFO  o.eclipse.m2e.core.internal.Bundles - 	Entry: C:\eclipse\plugins\org.eclipse.m2e.maven.runtime_3.9.700.20240602-2313\jars\aopalliance-1.0.jar
2024-08-13 15:11:48,112 [Worker-16: Launching mavenrun-449fbef1-0a0c-4512-85ce-8aa0d0f46279] INFO  o.eclipse.m2e.core.internal.Bundles - 	Entry: C:\eclipse\plugins\org.eclipse.m2e.maven.runtime_3.9.700.20240602-2313\jars\guice-5.1.0.jar
2024-08-13 15:11:48,112 [Worker-16: Launching mavenrun-449fbef1-0a0c-4512-85ce-8aa0d0f46279] INFO  o.eclipse.m2e.core.internal.Bundles - 	Entry: C:\eclipse\plugins\org.eclipse.m2e.maven.runtime_3.9.700.20240602-2313\jars\httpclient-4.5.14.jar
2024-08-13 15:11:48,113 [Worker-16: Launching mavenrun-449fbef1-0a0c-4512-85ce-8aa0d0f46279] INFO  o.eclipse.m2e.core.internal.Bundles - 	Entry: C:\eclipse\plugins\org.eclipse.m2e.maven.runtime_3.9.700.20240602-2313\jars\httpcore-4.4.16.jar
2024-08-13 15:11:48,113 [Worker-16: Launching mavenrun-449fbef1-0a0c-4512-85ce-8aa0d0f46279] INFO  o.eclipse.m2e.core.internal.Bundles - 	Entry: C:\eclipse\plugins\org.eclipse.m2e.maven.runtime_3.9.700.20240602-2313\jars\jansi-2.4.1.jar
2024-08-13 15:11:48,113 [Worker-16: Launching mavenrun-449fbef1-0a0c-4512-85ce-8aa0d0f46279] INFO  o.eclipse.m2e.core.internal.Bundles - 	Entry: C:\eclipse\plugins\org.eclipse.m2e.maven.runtime_3.9.700.20240602-2313\jars\jcl-over-slf4j-1.7.36.jar
2024-08-13 15:11:48,114 [Worker-16: Launching mavenrun-449fbef1-0a0c-4512-85ce-8aa0d0f46279] INFO  o.eclipse.m2e.core.internal.Bundles - 	Entry: C:\eclipse\plugins\org.eclipse.m2e.maven.runtime_3.9.700.20240602-2313\jars\maven-artifact-3.9.7.jar
2024-08-13 15:11:48,114 [Worker-16: Launching mavenrun-449fbef1-0a0c-4512-85ce-8aa0d0f46279] INFO  o.eclipse.m2e.core.internal.Bundles - 	Entry: C:\eclipse\plugins\org.eclipse.m2e.maven.runtime_3.9.700.20240602-2313\jars\maven-builder-support-3.9.7.jar
2024-08-13 15:11:48,114 [Worker-16: Launching mavenrun-449fbef1-0a0c-4512-85ce-8aa0d0f46279] INFO  o.eclipse.m2e.core.internal.Bundles - 	Entry: C:\eclipse\plugins\org.eclipse.m2e.maven.runtime_3.9.700.20240602-2313\jars\maven-compat-3.9.7.jar
2024-08-13 15:11:48,115 [Worker-16: Launching mavenrun-449fbef1-0a0c-4512-85ce-8aa0d0f46279] INFO  o.eclipse.m2e.core.internal.Bundles - 	Entry: C:\eclipse\plugins\org.eclipse.m2e.maven.runtime_3.9.700.20240602-2313\jars\maven-core-3.9.7.jar
2024-08-13 15:11:48,115 [Worker-16: Launching mavenrun-449fbef1-0a0c-4512-85ce-8aa0d0f46279] INFO  o.eclipse.m2e.core.internal.Bundles - 	Entry: C:\eclipse\plugins\org.eclipse.m2e.maven.runtime_3.9.700.20240602-2313\jars\maven-embedder-3.9.7.jar
2024-08-13 15:11:48,115 [Worker-16: Launching mavenrun-449fbef1-0a0c-4512-85ce-8aa0d0f46279] INFO  o.eclipse.m2e.core.internal.Bundles - 	Entry: C:\eclipse\plugins\org.eclipse.m2e.maven.runtime_3.9.700.20240602-2313\jars\maven-model-3.9.7.jar
2024-08-13 15:11:48,116 [Worker-16: Launching mavenrun-449fbef1-0a0c-4512-85ce-8aa0d0f46279] INFO  o.eclipse.m2e.core.internal.Bundles - 	Entry: C:\eclipse\plugins\org.eclipse.m2e.maven.runtime_3.9.700.20240602-2313\jars\maven-model-builder-3.9.7.jar
2024-08-13 15:11:48,116 [Worker-16: Launching mavenrun-449fbef1-0a0c-4512-85ce-8aa0d0f46279] INFO  o.eclipse.m2e.core.internal.Bundles - 	Entry: C:\eclipse\plugins\org.eclipse.m2e.maven.runtime_3.9.700.20240602-2313\jars\maven-plugin-api-3.9.7.jar
2024-08-13 15:11:48,116 [Worker-16: Launching mavenrun-449fbef1-0a0c-4512-85ce-8aa0d0f46279] INFO  o.eclipse.m2e.core.internal.Bundles - 	Entry: C:\eclipse\plugins\org.eclipse.m2e.maven.runtime_3.9.700.20240602-2313\jars\maven-repository-metadata-3.9.7.jar
2024-08-13 15:11:48,117 [Worker-16: Launching mavenrun-449fbef1-0a0c-4512-85ce-8aa0d0f46279] INFO  o.eclipse.m2e.core.internal.Bundles - 	Entry: C:\eclipse\plugins\org.eclipse.m2e.maven.runtime_3.9.700.20240602-2313\jars\maven-resolver-api-1.9.20.jar
2024-08-13 15:11:48,117 [Worker-16: Launching mavenrun-449fbef1-0a0c-4512-85ce-8aa0d0f46279] INFO  o.eclipse.m2e.core.internal.Bundles - 	Entry: C:\eclipse\plugins\org.eclipse.m2e.maven.runtime_3.9.700.20240602-2313\jars\maven-resolver-connector-basic-1.9.20.jar
2024-08-13 15:11:48,117 [Worker-16: Launching mavenrun-449fbef1-0a0c-4512-85ce-8aa0d0f46279] INFO  o.eclipse.m2e.core.internal.Bundles - 	Entry: C:\eclipse\plugins\org.eclipse.m2e.maven.runtime_3.9.700.20240602-2313\jars\maven-resolver-impl-1.9.20.jar
2024-08-13 15:11:48,118 [Worker-16: Launching mavenrun-449fbef1-0a0c-4512-85ce-8aa0d0f46279] INFO  o.eclipse.m2e.core.internal.Bundles - 	Entry: C:\eclipse\plugins\org.eclipse.m2e.maven.runtime_3.9.700.20240602-2313\jars\maven-resolver-named-locks-1.9.20.jar
2024-08-13 15:11:48,118 [Worker-16: Launching mavenrun-449fbef1-0a0c-4512-85ce-8aa0d0f46279] INFO  o.eclipse.m2e.core.internal.Bundles - 	Entry: C:\eclipse\plugins\org.eclipse.m2e.maven.runtime_3.9.700.20240602-2313\jars\maven-resolver-provider-3.9.7.jar
2024-08-13 15:11:48,118 [Worker-16: Launching mavenrun-449fbef1-0a0c-4512-85ce-8aa0d0f46279] INFO  o.eclipse.m2e.core.internal.Bundles - 	Entry: C:\eclipse\plugins\org.eclipse.m2e.maven.runtime_3.9.700.20240602-2313\jars\maven-resolver-spi-1.9.20.jar
2024-08-13 15:11:48,119 [Worker-16: Launching mavenrun-449fbef1-0a0c-4512-85ce-8aa0d0f46279] INFO  o.eclipse.m2e.core.internal.Bundles - 	Entry: C:\eclipse\plugins\org.eclipse.m2e.maven.runtime_3.9.700.20240602-2313\jars\maven-resolver-transport-file-1.9.20.jar
2024-08-13 15:11:48,119 [Worker-16: Launching mavenrun-449fbef1-0a0c-4512-85ce-8aa0d0f46279] INFO  o.eclipse.m2e.core.internal.Bundles - 	Entry: C:\eclipse\plugins\org.eclipse.m2e.maven.runtime_3.9.700.20240602-2313\jars\maven-resolver-transport-http-1.9.20.jar
2024-08-13 15:11:48,120 [Worker-16: Launching mavenrun-449fbef1-0a0c-4512-85ce-8aa0d0f46279] INFO  o.eclipse.m2e.core.internal.Bundles - 	Entry: C:\eclipse\plugins\org.eclipse.m2e.maven.runtime_3.9.700.20240602-2313\jars\maven-resolver-transport-wagon-1.9.20.jar
2024-08-13 15:11:48,120 [Worker-16: Launching mavenrun-449fbef1-0a0c-4512-85ce-8aa0d0f46279] INFO  o.eclipse.m2e.core.internal.Bundles - 	Entry: C:\eclipse\plugins\org.eclipse.m2e.maven.runtime_3.9.700.20240602-2313\jars\maven-resolver-util-1.9.20.jar
2024-08-13 15:11:48,120 [Worker-16: Launching mavenrun-449fbef1-0a0c-4512-85ce-8aa0d0f46279] INFO  o.eclipse.m2e.core.internal.Bundles - 	Entry: C:\eclipse\plugins\org.eclipse.m2e.maven.runtime_3.9.700.20240602-2313\jars\maven-settings-3.9.7.jar
2024-08-13 15:11:48,121 [Worker-16: Launching mavenrun-449fbef1-0a0c-4512-85ce-8aa0d0f46279] INFO  o.eclipse.m2e.core.internal.Bundles - 	Entry: C:\eclipse\plugins\org.eclipse.m2e.maven.runtime_3.9.700.20240602-2313\jars\maven-settings-builder-3.9.7.jar
2024-08-13 15:11:48,121 [Worker-16: Launching mavenrun-449fbef1-0a0c-4512-85ce-8aa0d0f46279] INFO  o.eclipse.m2e.core.internal.Bundles - 	Entry: C:\eclipse\plugins\org.eclipse.m2e.maven.runtime_3.9.700.20240602-2313\jars\maven-shared-utils-3.4.2.jar
2024-08-13 15:11:48,122 [Worker-16: Launching mavenrun-449fbef1-0a0c-4512-85ce-8aa0d0f46279] INFO  o.eclipse.m2e.core.internal.Bundles - 	Entry: C:\eclipse\plugins\org.eclipse.m2e.maven.runtime_3.9.700.20240602-2313\jars\org.eclipse.sisu.inject-0.9.0.M2.jar
2024-08-13 15:11:48,122 [Worker-16: Launching mavenrun-449fbef1-0a0c-4512-85ce-8aa0d0f46279] INFO  o.eclipse.m2e.core.internal.Bundles - 	Entry: C:\eclipse\plugins\org.eclipse.m2e.maven.runtime_3.9.700.20240602-2313\jars\org.eclipse.sisu.plexus-0.9.0.M2.jar
2024-08-13 15:11:48,123 [Worker-16: Launching mavenrun-449fbef1-0a0c-4512-85ce-8aa0d0f46279] INFO  o.eclipse.m2e.core.internal.Bundles - 	Entry: C:\eclipse\plugins\org.eclipse.m2e.maven.runtime_3.9.700.20240602-2313\jars\plexus-build-api-0.0.7.jar
2024-08-13 15:11:48,123 [Worker-16: Launching mavenrun-449fbef1-0a0c-4512-85ce-8aa0d0f46279] INFO  o.eclipse.m2e.core.internal.Bundles - 	Entry: C:\eclipse\plugins\org.eclipse.m2e.maven.runtime_3.9.700.20240602-2313\jars\plexus-build-api-1.2.0.jar
2024-08-13 15:11:48,124 [Worker-16: Launching mavenrun-449fbef1-0a0c-4512-85ce-8aa0d0f46279] INFO  o.eclipse.m2e.core.internal.Bundles - 	Entry: C:\eclipse\plugins\org.eclipse.m2e.maven.runtime_3.9.700.20240602-2313\jars\plexus-cipher-2.0.jar
2024-08-13 15:11:48,124 [Worker-16: Launching mavenrun-449fbef1-0a0c-4512-85ce-8aa0d0f46279] INFO  o.eclipse.m2e.core.internal.Bundles - 	Entry: C:\eclipse\plugins\org.eclipse.m2e.maven.runtime_3.9.700.20240602-2313\jars\plexus-classworlds-2.8.0.jar
2024-08-13 15:11:48,125 [Worker-16: Launching mavenrun-449fbef1-0a0c-4512-85ce-8aa0d0f46279] INFO  o.eclipse.m2e.core.internal.Bundles - 	Entry: C:\eclipse\plugins\org.eclipse.m2e.maven.runtime_3.9.700.20240602-2313\jars\plexus-component-annotations-2.1.0.jar
2024-08-13 15:11:48,125 [Worker-16: Launching mavenrun-449fbef1-0a0c-4512-85ce-8aa0d0f46279] INFO  o.eclipse.m2e.core.internal.Bundles - 	Entry: C:\eclipse\plugins\org.eclipse.m2e.maven.runtime_3.9.700.20240602-2313\jars\plexus-interpolation-1.27.jar
2024-08-13 15:11:48,126 [Worker-16: Launching mavenrun-449fbef1-0a0c-4512-85ce-8aa0d0f46279] INFO  o.eclipse.m2e.core.internal.Bundles - 	Entry: C:\eclipse\plugins\org.eclipse.m2e.maven.runtime_3.9.700.20240602-2313\jars\plexus-sec-dispatcher-2.0.jar
2024-08-13 15:11:48,126 [Worker-16: Launching mavenrun-449fbef1-0a0c-4512-85ce-8aa0d0f46279] INFO  o.eclipse.m2e.core.internal.Bundles - 	Entry: C:\eclipse\plugins\org.eclipse.m2e.maven.runtime_3.9.700.20240602-2313\jars\plexus-utils-3.5.1.jar
2024-08-13 15:11:48,126 [Worker-16: Launching mavenrun-449fbef1-0a0c-4512-85ce-8aa0d0f46279] INFO  o.eclipse.m2e.core.internal.Bundles - 	Entry: C:\eclipse\plugins\org.eclipse.m2e.maven.runtime_3.9.700.20240602-2313\jars\wagon-file-3.5.3.jar
2024-08-13 15:11:48,127 [Worker-16: Launching mavenrun-449fbef1-0a0c-4512-85ce-8aa0d0f46279] INFO  o.eclipse.m2e.core.internal.Bundles - 	Entry: C:\eclipse\plugins\org.eclipse.m2e.maven.runtime_3.9.700.20240602-2313\jars\wagon-http-3.5.3.jar
2024-08-13 15:11:48,127 [Worker-16: Launching mavenrun-449fbef1-0a0c-4512-85ce-8aa0d0f46279] INFO  o.eclipse.m2e.core.internal.Bundles - 	Entry: C:\eclipse\plugins\org.eclipse.m2e.maven.runtime_3.9.700.20240602-2313\jars\wagon-http-shared-3.5.3.jar
2024-08-13 15:11:48,128 [Worker-16: Launching mavenrun-449fbef1-0a0c-4512-85ce-8aa0d0f46279] INFO  o.eclipse.m2e.core.internal.Bundles - 	Entry: C:\eclipse\plugins\org.eclipse.m2e.maven.runtime_3.9.700.20240602-2313\jars\wagon-provider-api-3.5.3.jar
2024-08-13 15:11:48,130 [Worker-16: Launching mavenrun-449fbef1-0a0c-4512-85ce-8aa0d0f46279] INFO  o.eclipse.m2e.core.internal.Bundles - getClasspathEntries(Bundle=com.google.guava_33.2.0.jre [16])
2024-08-13 15:11:48,130 [Worker-16: Launching mavenrun-449fbef1-0a0c-4512-85ce-8aa0d0f46279] INFO  o.eclipse.m2e.core.internal.Bundles - 	Entry: C:\eclipse\plugins\com.google.guava_33.2.0.jre.jar
2024-08-13 15:11:48,130 [Worker-16: Launching mavenrun-449fbef1-0a0c-4512-85ce-8aa0d0f46279] INFO  o.eclipse.m2e.core.internal.Bundles - getClasspathEntries(Bundle=slf4j.api_2.0.13 [1010])
2024-08-13 15:11:48,130 [Worker-16: Launching mavenrun-449fbef1-0a0c-4512-85ce-8aa0d0f46279] INFO  o.eclipse.m2e.core.internal.Bundles - 	Entry: C:\eclipse\plugins\slf4j.api_2.0.13.jar
2024-08-13 15:11:48,130 [Worker-16: Launching mavenrun-449fbef1-0a0c-4512-85ce-8aa0d0f46279] INFO  o.eclipse.m2e.core.internal.Bundles - getClasspathEntries(Bundle=jakarta.inject.jakarta.inject-api_1.0.5 [33])
2024-08-13 15:11:48,131 [Worker-16: Launching mavenrun-449fbef1-0a0c-4512-85ce-8aa0d0f46279] INFO  o.eclipse.m2e.core.internal.Bundles - 	Entry: C:\eclipse\plugins\jakarta.inject.jakarta.inject-api_1.0.5.jar
2024-08-13 15:11:48,131 [Worker-16: Launching mavenrun-449fbef1-0a0c-4512-85ce-8aa0d0f46279] INFO  o.eclipse.m2e.core.internal.Bundles - getClasspathEntries(Bundle=javax.annotation_1.3.5.v20200909-1856 [44])
2024-08-13 15:11:48,131 [Worker-16: Launching mavenrun-449fbef1-0a0c-4512-85ce-8aa0d0f46279] INFO  o.eclipse.m2e.core.internal.Bundles - 	Entry: C:\eclipse\plugins\javax.annotation_1.3.5.v20200909-1856.jar
2024-08-13 15:11:48,131 [Worker-16: Launching mavenrun-449fbef1-0a0c-4512-85ce-8aa0d0f46279] INFO  o.eclipse.m2e.core.internal.Bundles - getClasspathEntries(Bundle=org.apache.commons.cli_1.8.0 [78])
2024-08-13 15:11:48,131 [Worker-16: Launching mavenrun-449fbef1-0a0c-4512-85ce-8aa0d0f46279] INFO  o.eclipse.m2e.core.internal.Bundles - 	Entry: C:\eclipse\plugins\org.apache.commons.cli_1.8.0.jar
2024-08-13 15:11:48,131 [Worker-16: Launching mavenrun-449fbef1-0a0c-4512-85ce-8aa0d0f46279] INFO  o.eclipse.m2e.core.internal.Bundles - getClasspathEntries(Bundle=org.apache.commons.commons-codec_1.16.0 [81])
2024-08-13 15:11:48,132 [Worker-16: Launching mavenrun-449fbef1-0a0c-4512-85ce-8aa0d0f46279] INFO  o.eclipse.m2e.core.internal.Bundles - 	Entry: C:\eclipse\plugins\org.apache.commons.commons-codec_1.16.0.jar
2024-08-13 15:11:48,132 [Worker-16: Launching mavenrun-449fbef1-0a0c-4512-85ce-8aa0d0f46279] INFO  o.eclipse.m2e.core.internal.Bundles - getClasspathEntries(Bundle=org.apache.commons.lang3_3.14.0 [89])
2024-08-13 15:11:48,132 [Worker-16: Launching mavenrun-449fbef1-0a0c-4512-85ce-8aa0d0f46279] INFO  o.eclipse.m2e.core.internal.Bundles - 	Entry: C:\eclipse\plugins\org.apache.commons.lang3_3.14.0.jar
2024-08-13 15:11:48,132 [Worker-16: Launching mavenrun-449fbef1-0a0c-4512-85ce-8aa0d0f46279] INFO  o.eclipse.m2e.core.internal.Bundles - getClasspathEntries(Bundle=com.google.guava.failureaccess_1.0.2 [17])
2024-08-13 15:11:48,132 [Worker-16: Launching mavenrun-449fbef1-0a0c-4512-85ce-8aa0d0f46279] INFO  o.eclipse.m2e.core.internal.Bundles - 	Entry: C:\eclipse\plugins\com.google.guava.failureaccess_1.0.2.jar
2024-08-13 15:11:48,144 [Worker-16: Launching mavenrun-449fbef1-0a0c-4512-85ce-8aa0d0f46279] INFO  o.e.m.i.launch.MavenLaunchDelegate - Run build in "C:\Users\pbhatt\AppData\Local\Temp\m2e-archetypeGenerator10559292857074388527":
2024-08-13 15:11:48,147 [Worker-16: Launching mavenrun-449fbef1-0a0c-4512-85ce-8aa0d0f46279] INFO  o.e.m.i.launch.MavenLaunchDelegate -  mvn  -DarchetypeGroupId=org.apache.maven.archetypes -DarchetypeArtifactId=maven-archetype-quickstart -DarchetypeVersion=1.1 -DgroupId=com.springcore -DartifactId=springcore -Dversion=0.0.1-SNAPSHOT -Dpackage=com.springcore -DoutputDirectory="C:\Users\pbhatt\OneDrive - WatchGuard Technologies Inc\java-spring-stuff\folder\new-maven-project" -Dstyle.color=always -U archetype:generate
2024-08-13 15:12:50,199 [Worker-6: Creating maven-archetype-quickstart] INFO  o.e.m.c.i.p.ProjectConfigurationManager - Collecting project info '/pom.xml' C:\Users\pbhatt\OneDrive - WatchGuard Technologies Inc\java-spring-stuff\folder\new-maven-project\springcore\pom.xml
2024-08-13 15:12:50,749 [Worker-6: Creating maven-archetype-quickstart] INFO  o.e.m.c.i.e.AbstractTransferListenerAdapter - Downloading https://repo.maven.apache.org/maven2/org/apache/maven/plugins/maven-jar-plugin/3.4.1/maven-jar-plugin-3.4.1.jar
2024-08-13 15:12:51,035 [Worker-6: Creating maven-archetype-quickstart] INFO  o.e.m.c.i.e.AbstractTransferListenerAdapter - Downloaded https://repo.maven.apache.org/maven2/org/apache/maven/plugins/maven-jar-plugin/3.4.1/maven-jar-plugin-3.4.1.jar
2024-08-13 15:12:51,648 [Worker-6: Creating maven-archetype-quickstart] INFO  o.e.m.c.i.l.LifecycleMappingFactory - Using org.eclipse.m2e.jdt.JarLifecycleMapping lifecycle mapping for MavenProject: com.springcore:springcore:0.0.1-SNAPSHOT @ C:\Users\pbhatt\OneDrive - WatchGuard Technologies Inc\java-spring-stuff\folder\new-maven-project\springcore\pom.xml.
2024-08-13 15:12:51,664 [Worker-6: Creating maven-archetype-quickstart] INFO  o.e.m.c.i.e.AbstractTransferListenerAdapter - Downloading https://repo.maven.apache.org/maven2/junit/junit/3.8.1/junit-3.8.1.pom
2024-08-13 15:12:51,669 [Worker-6: Creating maven-archetype-quickstart] INFO  o.e.m.c.i.e.AbstractTransferListenerAdapter - Downloaded https://repo.maven.apache.org/maven2/junit/junit/3.8.1/junit-3.8.1.pom
2024-08-13 15:12:51,697 [Worker-6: Creating maven-archetype-quickstart] INFO  o.e.m.c.i.e.AbstractTransferListenerAdapter - Downloading https://repo.maven.apache.org/maven2/junit/junit/3.8.1/junit-3.8.1.jar
2024-08-13 15:12:51,840 [Worker-6: Creating maven-archetype-quickstart] INFO  o.e.m.c.i.e.AbstractTransferListenerAdapter - Downloaded https://repo.maven.apache.org/maven2/junit/junit/3.8.1/junit-3.8.1.jar
2024-08-13 15:12:51,994 [Worker-6: Creating maven-archetype-quickstart] INFO  o.e.m.c.i.e.AbstractTransferListenerAdapter - Downloading https://repo.maven.apache.org/maven2/org/apache/maven/plugins/maven-jar-plugin/3.4.1/maven-jar-plugin-3.4.1.pom
2024-08-13 15:12:52,036 [Worker-6: Creating maven-archetype-quickstart] INFO  o.e.m.c.i.e.AbstractTransferListenerAdapter - Downloaded https://repo.maven.apache.org/maven2/org/apache/maven/plugins/maven-jar-plugin/3.4.1/maven-jar-plugin-3.4.1.pom
2024-08-13 15:12:52,891 [Worker-6: Creating maven-archetype-quickstart] INFO  o.e.m.j.i.AbstractJavaProjectConfigurator - Adding source folder /springcore/src/main/java
2024-08-13 15:12:52,893 [Worker-6: Creating maven-archetype-quickstart] INFO  o.e.m.j.i.AbstractJavaProjectConfigurator - Adding resource folder /springcore/src/main/resources
2024-08-13 15:12:52,898 [Worker-6: Creating maven-archetype-quickstart] INFO  o.e.m.j.i.AbstractJavaProjectConfigurator - Adding source folder /springcore/src/test/java
2024-08-13 15:12:52,900 [Worker-6: Creating maven-archetype-quickstart] INFO  o.e.m.j.i.AbstractJavaProjectConfigurator - Adding resource folder /springcore/src/test/resources
2024-08-13 15:12:53,010 [Worker-6: Creating maven-archetype-quickstart] INFO  o.e.m.c.i.p.ProjectConfigurationManager - Imported and configured 1 project(s) in 2 sec
2024-08-13 15:12:53,733 [Worker-16: Download sources and javadoc] INFO  o.e.m.c.i.e.AbstractTransferListenerAdapter - Downloading https://repo.maven.apache.org/maven2/junit/junit/3.8.1/junit-3.8.1-sources.jar
2024-08-13 15:12:53,771 [Worker-16: Download sources and javadoc] INFO  o.e.m.c.i.e.AbstractTransferListenerAdapter - Downloaded https://repo.maven.apache.org/maven2/junit/junit/3.8.1/junit-3.8.1-sources.jar
2024-08-13 15:12:53,776 [Worker-16: Download sources and javadoc] INFO  o.e.m.j.internal.DownloadSourcesJob - Downloaded sources for junit:junit:3.8.1
2024-08-13 15:12:54,199 [Worker-31: Building] INFO  o.a.m.s.f.DefaultMavenResourcesFiltering - skip non existing resourceDirectory C:\Users\pbhatt\OneDrive - WatchGuard Technologies Inc\java-spring-stuff\folder\new-maven-project\springcore\src\main\resources
2024-08-13 15:12:54,203 [Worker-31: Building] INFO  o.a.m.s.f.DefaultMavenResourcesFiltering - skip non existing resourceDirectory C:\Users\pbhatt\OneDrive - WatchGuard Technologies Inc\java-spring-stuff\folder\new-maven-project\springcore\src\test\resources
2024-08-13 15:22:31,801 [Worker-41: Building] INFO  o.e.m.c.i.l.LifecycleMappingFactory - Using org.eclipse.m2e.jdt.JarLifecycleMapping lifecycle mapping for MavenProject: com.springcore:springcore:0.0.1-SNAPSHOT @ C:\Users\pbhatt\OneDrive - WatchGuard Technologies Inc\java-spring-stuff\folder\new-maven-project\springcore\pom.xml.
2024-08-13 15:22:32,069 [Worker-41: Building] INFO  o.a.m.s.f.DefaultMavenResourcesFiltering - skip non existing resourceDirectory C:\Users\pbhatt\OneDrive - WatchGuard Technologies Inc\java-spring-stuff\folder\new-maven-project\springcore\src\main\resources
2024-08-13 15:22:32,073 [Worker-41: Building] INFO  o.a.m.s.f.DefaultMavenResourcesFiltering - skip non existing resourceDirectory C:\Users\pbhatt\OneDrive - WatchGuard Technologies Inc\java-spring-stuff\folder\new-maven-project\springcore\src\test\resources
2024-08-13 15:22:33,873 [Worker-40: Building] INFO  o.a.m.s.f.DefaultMavenResourcesFiltering - skip non existing resourceDirectory C:\Users\pbhatt\OneDrive - WatchGuard Technologies Inc\java-spring-stuff\folder\new-maven-project\springcore\src\main\resources
2024-08-13 15:22:33,876 [Worker-40: Building] INFO  o.a.m.s.f.DefaultMavenResourcesFiltering - skip non existing resourceDirectory C:\Users\pbhatt\OneDrive - WatchGuard Technologies Inc\java-spring-stuff\folder\new-maven-project\springcore\src\test\resources
2024-08-13 15:23:04,568 [Worker-40: Building] INFO  o.e.m.c.i.l.LifecycleMappingFactory - Using org.eclipse.m2e.jdt.JarLifecycleMapping lifecycle mapping for MavenProject: com.springcore:springcore:0.0.1-SNAPSHOT @ C:\Users\pbhatt\OneDrive - WatchGuard Technologies Inc\java-spring-stuff\folder\new-maven-project\springcore\pom.xml.
2024-08-13 15:23:04,835 [Worker-40: Building] INFO  o.a.m.s.f.DefaultMavenResourcesFiltering - skip non existing resourceDirectory C:\Users\pbhatt\OneDrive - WatchGuard Technologies Inc\java-spring-stuff\folder\new-maven-project\springcore\src\main\resources
2024-08-13 15:23:04,839 [Worker-40: Building] INFO  o.a.m.s.f.DefaultMavenResourcesFiltering - skip non existing resourceDirectory C:\Users\pbhatt\OneDrive - WatchGuard Technologies Inc\java-spring-stuff\folder\new-maven-project\springcore\src\test\resources
2024-08-13 15:25:10,956 [Worker-40: Building] INFO  o.e.m.c.i.l.LifecycleMappingFactory - Using org.eclipse.m2e.jdt.JarLifecycleMapping lifecycle mapping for MavenProject: com.springcore:springcore:0.0.1-SNAPSHOT @ C:\Users\pbhatt\OneDrive - WatchGuard Technologies Inc\java-spring-stuff\folder\new-maven-project\springcore\pom.xml.
2024-08-13 15:25:11,265 [Worker-40: Building] INFO  o.a.m.s.f.DefaultMavenResourcesFiltering - skip non existing resourceDirectory C:\Users\pbhatt\OneDrive - WatchGuard Technologies Inc\java-spring-stuff\folder\new-maven-project\springcore\src\main\resources
2024-08-13 15:25:11,270 [Worker-40: Building] INFO  o.a.m.s.f.DefaultMavenResourcesFiltering - skip non existing resourceDirectory C:\Users\pbhatt\OneDrive - WatchGuard Technologies Inc\java-spring-stuff\folder\new-maven-project\springcore\src\test\resources
2024-08-13 15:25:12,688 [Worker-39: Download sources and javadoc] INFO  o.e.m.c.i.e.AbstractTransferListenerAdapter - Downloading https://repo.maven.apache.org/maven2/io/micrometer/micrometer-observation/1.12.8/micrometer-observation-1.12.8-sources.jar
2024-08-13 15:25:12,728 [Worker-39: Download sources and javadoc] INFO  o.e.m.c.i.e.AbstractTransferListenerAdapter - Downloaded https://repo.maven.apache.org/maven2/io/micrometer/micrometer-observation/1.12.8/micrometer-observation-1.12.8-sources.jar
2024-08-13 15:25:12,732 [Worker-39: Download sources and javadoc] INFO  o.e.m.j.internal.DownloadSourcesJob - Downloaded sources for io.micrometer:micrometer-observation:1.12.8
2024-08-13 15:25:12,774 [Worker-39: Download sources and javadoc] INFO  o.e.m.c.i.e.AbstractTransferListenerAdapter - Downloading https://repo.maven.apache.org/maven2/io/micrometer/micrometer-commons/1.12.8/micrometer-commons-1.12.8-sources.jar
2024-08-13 15:25:12,793 [Worker-39: Download sources and javadoc] INFO  o.e.m.c.i.e.AbstractTransferListenerAdapter - Downloaded https://repo.maven.apache.org/maven2/io/micrometer/micrometer-commons/1.12.8/micrometer-commons-1.12.8-sources.jar
2024-08-13 15:25:12,797 [Worker-39: Download sources and javadoc] INFO  o.e.m.j.internal.DownloadSourcesJob - Downloaded sources for io.micrometer:micrometer-commons:1.12.8
2024-08-13 15:25:13,107 [Worker-38: Building] INFO  o.a.m.s.f.DefaultMavenResourcesFiltering - skip non existing resourceDirectory C:\Users\pbhatt\OneDrive - WatchGuard Technologies Inc\java-spring-stuff\folder\new-maven-project\springcore\src\main\resources
2024-08-13 15:25:13,109 [Worker-38: Building] INFO  o.a.m.s.f.DefaultMavenResourcesFiltering - skip non existing resourceDirectory C:\Users\pbhatt\OneDrive - WatchGuard Technologies Inc\java-spring-stuff\folder\new-maven-project\springcore\src\test\resources
2024-08-13 15:30:02,422 [Worker-40: Building] INFO  o.a.m.s.f.DefaultMavenResourcesFiltering - Copying 0 resource from src\main\resources to target\classes
2024-08-13 15:30:02,426 [Worker-40: Building] INFO  o.a.m.s.f.DefaultMavenResourcesFiltering - Copying 0 resource from src\test\resources to target\test-classes
2024-08-13 15:35:31,898 [Worker-16: Building] INFO  o.a.m.s.f.DefaultMavenResourcesFiltering - Copying 0 resource from src\main\resources to target\classes
2024-08-13 15:35:31,902 [Worker-16: Building] INFO  o.a.m.s.f.DefaultMavenResourcesFiltering - Copying 0 resource from src\test\resources to target\test-classes
2024-08-13 15:38:31,843 [Worker-16: Launching App] INFO  o.a.m.s.f.DefaultMavenResourcesFiltering - Copying 0 resource from src\main\resources to target\classes
2024-08-13 15:38:31,849 [Worker-16: Launching App] INFO  o.a.m.s.f.DefaultMavenResourcesFiltering - Copying 0 resource from src\test\resources to target\test-classes
2024-08-13 15:42:09,003 [Worker-16: Building] INFO  o.a.m.s.f.DefaultMavenResourcesFiltering - Copying 0 resource from src\main\resources to target\classes
2024-08-13 15:42:09,008 [Worker-16: Building] INFO  o.a.m.s.f.DefaultMavenResourcesFiltering - Copying 0 resource from src\test\resources to target\test-classes
2024-08-13 15:51:17,061 [Worker-48: Building] INFO  o.a.m.s.f.DefaultMavenResourcesFiltering - Copying 0 resource from src\main\resources to target\classes
2024-08-13 15:51:17,065 [Worker-48: Building] INFO  o.a.m.s.f.DefaultMavenResourcesFiltering - Copying 0 resource from src\test\resources to target\test-classes
2024-08-13 15:58:12,495 [Worker-56: Building] INFO  o.a.m.s.f.DefaultMavenResourcesFiltering - Copying 0 resource from src\main\resources to target\classes
2024-08-13 15:58:12,498 [Worker-56: Building] INFO  o.a.m.s.f.DefaultMavenResourcesFiltering - Copying 0 resource from src\test\resources to target\test-classes
2024-08-13 16:01:15,328 [Worker-52: Building] INFO  o.a.m.s.f.DefaultMavenResourcesFiltering - Copying 0 resource from src\main\resources to target\classes
2024-08-13 16:01:15,332 [Worker-52: Building] INFO  o.a.m.s.f.DefaultMavenResourcesFiltering - Copying 0 resource from src\test\resources to target\test-classes
2024-08-13 16:02:48,003 [Worker-51: Building] INFO  o.a.m.s.f.DefaultMavenResourcesFiltering - Copying 0 resource from src\main\resources to target\classes
2024-08-13 16:02:48,006 [Worker-51: Building] INFO  o.a.m.s.f.DefaultMavenResourcesFiltering - Copying 0 resource from src\test\resources to target\test-classes
